# JRE version: OpenJDK Runtime Environment Temurin-21.0.7+6 (21.0.7+6) (build 21.0.7+6-LTS)
# Java VM: OpenJDK 64-Bit Server VM Temurin-21.0.7+6 (21.0.7+6-LTS, mixed mode, sharing, tiered, compressed oops, compressed class ptrs, parallel gc, windows-amd64)
GC Precious Log:
 CardTable entry size: 512
 CPUs: 4 total, 4 available
 Memory: 3790M
 Large Page Support: Disabled
 NUMA Support: Disabled
 Compressed Oops: Enabled (32-bit)
 Alignments: Space 512K, Generation 512K, Heap 2M
 Heap Min Capacity: 100M
 Heap Initial Capacity: 100M
 Heap Max Capacity: 2G
 Pre-touch: Disabled
 Parallel Workers: 4
Heap:
 PSYoungGen      total 24064K, used 19268K [0x00000000d5580000, 0x00000000d6f00000, 0x0000000100000000)
  eden space 22016K, 80% used [0x00000000d5580000,0x00000000d66c9808,0x00000000d6b00000)
  from space 2048K, 76% used [0x00000000d6d00000,0x00000000d6e87830,0x00000000d6f00000)
  to   space 2048K, 0% used [0x00000000d6b00000,0x00000000d6b00000,0x00000000d6d00000)
 ParOldGen       total 68608K, used 30916K [0x0000000080000000, 0x0000000084300000, 0x00000000d5580000)
  object space 68608K, 45% used [0x0000000080000000,0x0000000081e312d8,0x0000000084300000)
 Metaspace       used 34709K, committed 35584K, reserved 1114112K
  class space    used 3438K, committed 3840K, reserved 1048576K
GC Heap History (20 events):
Event: 21.175 GC heap before
{Heap before GC invocations=10 (full 1):
 PSYoungGen      total 26624K, used 26603K [0x00000000d5580000, 0x00000000d7600000, 0x0000000100000000)
  eden space 24064K, 100% used [0x00000000d5580000,0x00000000d6d00000,0x00000000d6d00000)
  from space 2560K, 99% used [0x00000000d7200000,0x00000000d747ace8,0x00000000d7480000)
  to   space 4608K, 0% used [0x00000000d6d00000,0x00000000d6d00000,0x00000000d7180000)
 ParOldGen       total 68608K, used 12693K [0x0000000080000000, 0x0000000084300000, 0x00000000d5580000)
  object space 68608K, 18% used [0x0000000080000000,0x0000000080c655b0,0x0000000084300000)
 Metaspace       used 28733K, committed 29632K, reserved 1114112K
  class space    used 2799K, committed 3200K, reserved 1048576K
}
Event: 21.178 GC heap after
{Heap after GC invocations=10 (full 1):
 PSYoungGen      total 27136K, used 3326K [0x00000000d5580000, 0x00000000d7480000, 0x0000000100000000)
  eden space 23552K, 0% used [0x00000000d5580000,0x00000000d5580000,0x00000000d6c80000)
  from space 3584K, 92% used [0x00000000d6d00000,0x00000000d703fae8,0x00000000d7080000)
  to   space 4096K, 0% used [0x00000000d7080000,0x00000000d7080000,0x00000000d7480000)
 ParOldGen       total 68608K, used 12701K [0x0000000080000000, 0x0000000084300000, 0x00000000d5580000)
  object space 68608K, 18% used [0x0000000080000000,0x0000000080c675b0,0x0000000084300000)
 Metaspace       used 28733K, committed 29632K, reserved 1114112K
  class space    used 2799K, committed 3200K, reserved 1048576K
}
Event: 23.090 GC heap before
{Heap before GC invocations=11 (full 1):
 PSYoungGen      total 27136K, used 26878K [0x00000000d5580000, 0x00000000d7480000, 0x0000000100000000)
  eden space 23552K, 100% used [0x00000000d5580000,0x00000000d6c80000,0x00000000d6c80000)
  from space 3584K, 92% used [0x00000000d6d00000,0x00000000d703fae8,0x00000000d7080000)
  to   space 4096K, 0% used [0x00000000d7080000,0x00000000d7080000,0x00000000d7480000)
 ParOldGen       total 68608K, used 12701K [0x0000000080000000, 0x0000000084300000, 0x00000000d5580000)
  object space 68608K, 18% used [0x0000000080000000,0x0000000080c675b0,0x0000000084300000)
 Metaspace       used 31408K, committed 32256K, reserved 1114112K
  class space    used 3063K, committed 3456K, reserved 1048576K
}
Event: 23.096 GC heap after
{Heap after GC invocations=11 (full 1):
 PSYoungGen      total 25600K, used 2190K [0x00000000d5580000, 0x00000000d7300000, 0x0000000100000000)
  eden space 23040K, 0% used [0x00000000d5580000,0x00000000d5580000,0x00000000d6c00000)
  from space 2560K, 85% used [0x00000000d7080000,0x00000000d72a3b28,0x00000000d7300000)
  to   space 3072K, 0% used [0x00000000d6d00000,0x00000000d6d00000,0x00000000d7000000)
 ParOldGen       total 68608K, used 15186K [0x0000000080000000, 0x0000000084300000, 0x00000000d5580000)
  object space 68608K, 22% used [0x0000000080000000,0x0000000080ed4890,0x0000000084300000)
 Metaspace       used 31408K, committed 32256K, reserved 1114112K
  class space    used 3063K, committed 3456K, reserved 1048576K
}
Event: 23.328 GC heap before
{Heap before GC invocations=12 (full 1):
 PSYoungGen      total 25600K, used 25230K [0x00000000d5580000, 0x00000000d7300000, 0x0000000100000000)
  eden space 23040K, 100% used [0x00000000d5580000,0x00000000d6c00000,0x00000000d6c00000)
  from space 2560K, 85% used [0x00000000d7080000,0x00000000d72a3b28,0x00000000d7300000)
  to   space 3072K, 0% used [0x00000000d6d00000,0x00000000d6d00000,0x00000000d7000000)
 ParOldGen       total 68608K, used 15186K [0x0000000080000000, 0x0000000084300000, 0x00000000d5580000)
  object space 68608K, 22% used [0x0000000080000000,0x0000000080ed4890,0x0000000084300000)
 Metaspace       used 31655K, committed 32448K, reserved 1114112K
  class space    used 3089K, committed 3456K, reserved 1048576K
}
Event: 23.333 GC heap after
{Heap after GC invocations=12 (full 1):
 PSYoungGen      total 25088K, used 2144K [0x00000000d5580000, 0x00000000d7100000, 0x0000000100000000)
  eden space 22528K, 0% used [0x00000000d5580000,0x00000000d5580000,0x00000000d6b80000)
  from space 2560K, 83% used [0x00000000d6d00000,0x00000000d6f18010,0x00000000d6f80000)
  to   space 1536K, 0% used [0x00000000d6f80000,0x00000000d6f80000,0x00000000d7100000)
 ParOldGen       total 68608K, used 17296K [0x0000000080000000, 0x0000000084300000, 0x00000000d5580000)
  object space 68608K, 25% used [0x0000000080000000,0x00000000810e4358,0x0000000084300000)
 Metaspace       used 31655K, committed 32448K, reserved 1114112K
  class space    used 3089K, committed 3456K, reserved 1048576K
}
Event: 23.438 GC heap before
{Heap before GC invocations=13 (full 1):
 PSYoungGen      total 25088K, used 24672K [0x00000000d5580000, 0x00000000d7100000, 0x0000000100000000)
  eden space 22528K, 100% used [0x00000000d5580000,0x00000000d6b80000,0x00000000d6b80000)
  from space 2560K, 83% used [0x00000000d6d00000,0x00000000d6f18010,0x00000000d6f80000)
  to   space 1536K, 0% used [0x00000000d6f80000,0x00000000d6f80000,0x00000000d7100000)
 ParOldGen       total 68608K, used 17296K [0x0000000080000000, 0x0000000084300000, 0x00000000d5580000)
  object space 68608K, 25% used [0x0000000080000000,0x00000000810e4358,0x0000000084300000)
 Metaspace       used 32025K, committed 32896K, reserved 1114112K
  class space    used 3144K, committed 3520K, reserved 1048576K
}
Event: 23.442 GC heap after
{Heap after GC invocations=13 (full 1):
 PSYoungGen      total 23552K, used 1506K [0x00000000d5580000, 0x00000000d7400000, 0x0000000100000000)
  eden space 22016K, 0% used [0x00000000d5580000,0x00000000d5580000,0x00000000d6b00000)
  from space 1536K, 98% used [0x00000000d6f80000,0x00000000d70f8810,0x00000000d7100000)
  to   space 4608K, 0% used [0x00000000d6b00000,0x00000000d6b00000,0x00000000d6f80000)
 ParOldGen       total 68608K, used 20024K [0x0000000080000000, 0x0000000084300000, 0x00000000d5580000)
  object space 68608K, 29% used [0x0000000080000000,0x000000008138e378,0x0000000084300000)
 Metaspace       used 32025K, committed 32896K, reserved 1114112K
  class space    used 3144K, committed 3520K, reserved 1048576K
}
Event: 23.669 GC heap before
{Heap before GC invocations=14 (full 1):
 PSYoungGen      total 23552K, used 23522K [0x00000000d5580000, 0x00000000d7400000, 0x0000000100000000)
  eden space 22016K, 100% used [0x00000000d5580000,0x00000000d6b00000,0x00000000d6b00000)
  from space 1536K, 98% used [0x00000000d6f80000,0x00000000d70f8810,0x00000000d7100000)
  to   space 4608K, 0% used [0x00000000d6b00000,0x00000000d6b00000,0x00000000d6f80000)
 ParOldGen       total 68608K, used 20024K [0x0000000080000000, 0x0000000084300000, 0x00000000d5580000)
  object space 68608K, 29% used [0x0000000080000000,0x000000008138e378,0x0000000084300000)
 Metaspace       used 32043K, committed 32896K, reserved 1114112K
  class space    used 3144K, committed 3520K, reserved 1048576K
}
Event: 23.675 GC heap after
{Heap after GC invocations=14 (full 1):
 PSYoungGen      total 24576K, used 2240K [0x00000000d5580000, 0x00000000d7100000, 0x0000000100000000)
  eden space 22016K, 0% used [0x00000000d5580000,0x00000000d5580000,0x00000000d6b00000)
  from space 2560K, 87% used [0x00000000d6b00000,0x00000000d6d30010,0x00000000d6d80000)
  to   space 3072K, 0% used [0x00000000d6e00000,0x00000000d6e00000,0x00000000d7100000)
 ParOldGen       total 68608K, used 21535K [0x0000000080000000, 0x0000000084300000, 0x00000000d5580000)
  object space 68608K, 31% used [0x0000000080000000,0x0000000081507cf0,0x0000000084300000)
 Metaspace       used 32043K, committed 32896K, reserved 1114112K
  class space    used 3144K, committed 3520K, reserved 1048576K
}
Event: 23.877 GC heap before
{Heap before GC invocations=15 (full 1):
 PSYoungGen      total 24576K, used 24256K [0x00000000d5580000, 0x00000000d7100000, 0x0000000100000000)
  eden space 22016K, 100% used [0x00000000d5580000,0x00000000d6b00000,0x00000000d6b00000)
  from space 2560K, 87% used [0x00000000d6b00000,0x00000000d6d30010,0x00000000d6d80000)
  to   space 3072K, 0% used [0x00000000d6e00000,0x00000000d6e00000,0x00000000d7100000)
 ParOldGen       total 68608K, used 21535K [0x0000000080000000, 0x0000000084300000, 0x00000000d5580000)
  object space 68608K, 31% used [0x0000000080000000,0x0000000081507cf0,0x0000000084300000)
 Metaspace       used 32051K, committed 32896K, reserved 1114112K
  class space    used 3144K, committed 3520K, reserved 1048576K
}
Event: 23.884 GC heap after
{Heap after GC invocations=15 (full 1):
 PSYoungGen      total 24064K, used 1956K [0x00000000d5580000, 0x00000000d7000000, 0x0000000100000000)
  eden space 22016K, 0% used [0x00000000d5580000,0x00000000d5580000,0x00000000d6b00000)
  from space 2048K, 95% used [0x00000000d6e00000,0x00000000d6fe9000,0x00000000d7000000)
  to   space 2560K, 0% used [0x00000000d6b00000,0x00000000d6b00000,0x00000000d6d80000)
 ParOldGen       total 68608K, used 23703K [0x0000000080000000, 0x0000000084300000, 0x00000000d5580000)
  object space 68608K, 34% used [0x0000000080000000,0x0000000081725d00,0x0000000084300000)
 Metaspace       used 32051K, committed 32896K, reserved 1114112K
  class space    used 3144K, committed 3520K, reserved 1048576K
}
Event: 24.114 GC heap before
{Heap before GC invocations=16 (full 1):
 PSYoungGen      total 24064K, used 23972K [0x00000000d5580000, 0x00000000d7000000, 0x0000000100000000)
  eden space 22016K, 100% used [0x00000000d5580000,0x00000000d6b00000,0x00000000d6b00000)
  from space 2048K, 95% used [0x00000000d6e00000,0x00000000d6fe9000,0x00000000d7000000)
  to   space 2560K, 0% used [0x00000000d6b00000,0x00000000d6b00000,0x00000000d6d80000)
 ParOldGen       total 68608K, used 23703K [0x0000000080000000, 0x0000000084300000, 0x00000000d5580000)
  object space 68608K, 34% used [0x0000000080000000,0x0000000081725d00,0x0000000084300000)
 Metaspace       used 32082K, committed 33024K, reserved 1114112K
  class space    used 3147K, committed 3584K, reserved 1048576K
}
Event: 24.121 GC heap after
{Heap after GC invocations=16 (full 1):
 PSYoungGen      total 24576K, used 2144K [0x00000000d5580000, 0x00000000d7000000, 0x0000000100000000)
  eden space 22016K, 0% used [0x00000000d5580000,0x00000000d5580000,0x00000000d6b00000)
  from space 2560K, 83% used [0x00000000d6b00000,0x00000000d6d18010,0x00000000d6d80000)
  to   space 2560K, 0% used [0x00000000d6d80000,0x00000000d6d80000,0x00000000d7000000)
 ParOldGen       total 68608K, used 25596K [0x0000000080000000, 0x0000000084300000, 0x00000000d5580000)
  object space 68608K, 37% used [0x0000000080000000,0x00000000818ff378,0x0000000084300000)
 Metaspace       used 32082K, committed 33024K, reserved 1114112K
  class space    used 3147K, committed 3584K, reserved 1048576K
}
Event: 24.561 GC heap before
{Heap before GC invocations=17 (full 1):
 PSYoungGen      total 24576K, used 24160K [0x00000000d5580000, 0x00000000d7000000, 0x0000000100000000)
  eden space 22016K, 100% used [0x00000000d5580000,0x00000000d6b00000,0x00000000d6b00000)
  from space 2560K, 83% used [0x00000000d6b00000,0x00000000d6d18010,0x00000000d6d80000)
  to   space 2560K, 0% used [0x00000000d6d80000,0x00000000d6d80000,0x00000000d7000000)
 ParOldGen       total 68608K, used 25596K [0x0000000080000000, 0x0000000084300000, 0x00000000d5580000)
  object space 68608K, 37% used [0x0000000080000000,0x00000000818ff378,0x0000000084300000)
 Metaspace       used 32116K, committed 33024K, reserved 1114112K
  class space    used 3147K, committed 3584K, reserved 1048576K
}
Event: 24.569 GC heap after
{Heap after GC invocations=17 (full 1):
 PSYoungGen      total 24064K, used 1848K [0x00000000d5580000, 0x00000000d6f80000, 0x0000000100000000)
  eden space 22016K, 0% used [0x00000000d5580000,0x00000000d5580000,0x00000000d6b00000)
  from space 2048K, 90% used [0x00000000d6d80000,0x00000000d6f4e200,0x00000000d6f80000)
  to   space 2048K, 0% used [0x00000000d6b80000,0x00000000d6b80000,0x00000000d6d80000)
 ParOldGen       total 68608K, used 27676K [0x0000000080000000, 0x0000000084300000, 0x00000000d5580000)
  object space 68608K, 40% used [0x0000000080000000,0x0000000081b07388,0x0000000084300000)
 Metaspace       used 32116K, committed 33024K, reserved 1114112K
  class space    used 3147K, committed 3584K, reserved 1048576K
}
Event: 25.029 GC heap before
{Heap before GC invocations=18 (full 1):
 PSYoungGen      total 24064K, used 23864K [0x00000000d5580000, 0x00000000d6f80000, 0x0000000100000000)
  eden space 22016K, 100% used [0x00000000d5580000,0x00000000d6b00000,0x00000000d6b00000)
  from space 2048K, 90% used [0x00000000d6d80000,0x00000000d6f4e200,0x00000000d6f80000)
  to   space 2048K, 0% used [0x00000000d6b80000,0x00000000d6b80000,0x00000000d6d80000)
 ParOldGen       total 68608K, used 27676K [0x0000000080000000, 0x0000000084300000, 0x00000000d5580000)
  object space 68608K, 40% used [0x0000000080000000,0x0000000081b07388,0x0000000084300000)
 Metaspace       used 33654K, committed 34560K, reserved 1114112K
  class space    used 3337K, committed 3712K, reserved 1048576K
}
Event: 25.033 GC heap after
{Heap after GC invocations=18 (full 1):
 PSYoungGen      total 23552K, used 1508K [0x00000000d5580000, 0x00000000d6f00000, 0x0000000100000000)
  eden space 22016K, 0% used [0x00000000d5580000,0x00000000d5580000,0x00000000d6b00000)
  from space 1536K, 98% used [0x00000000d6b80000,0x00000000d6cf9258,0x00000000d6d00000)
  to   space 2048K, 0% used [0x00000000d6d00000,0x00000000d6d00000,0x00000000d6f00000)
 ParOldGen       total 68608K, used 29501K [0x0000000080000000, 0x0000000084300000, 0x00000000d5580000)
  object space 68608K, 42% used [0x0000000080000000,0x0000000081ccf588,0x0000000084300000)
 Metaspace       used 33654K, committed 34560K, reserved 1114112K
  class space    used 3337K, committed 3712K, reserved 1048576K
}
Event: 25.506 GC heap before
{Heap before GC invocations=19 (full 1):
 PSYoungGen      total 23552K, used 23504K [0x00000000d5580000, 0x00000000d6f00000, 0x0000000100000000)
  eden space 22016K, 99% used [0x00000000d5580000,0x00000000d6afaee8,0x00000000d6b00000)
  from space 1536K, 98% used [0x00000000d6b80000,0x00000000d6cf9258,0x00000000d6d00000)
  to   space 2048K, 0% used [0x00000000d6d00000,0x00000000d6d00000,0x00000000d6f00000)
 ParOldGen       total 68608K, used 29501K [0x0000000080000000, 0x0000000084300000, 0x00000000d5580000)
  object space 68608K, 42% used [0x0000000080000000,0x0000000081ccf588,0x0000000084300000)
 Metaspace       used 34385K, committed 35200K, reserved 1114112K
  class space    used 3415K, committed 3776K, reserved 1048576K
}
Event: 25.510 GC heap after
{Heap after GC invocations=19 (full 1):
 PSYoungGen      total 24064K, used 1566K [0x00000000d5580000, 0x00000000d6f00000, 0x0000000100000000)
  eden space 22016K, 0% used [0x00000000d5580000,0x00000000d5580000,0x00000000d6b00000)
  from space 2048K, 76% used [0x00000000d6d00000,0x00000000d6e87830,0x00000000d6f00000)
  to   space 2048K, 0% used [0x00000000d6b00000,0x00000000d6b00000,0x00000000d6d00000)
 ParOldGen       total 68608K, used 30916K [0x0000000080000000, 0x0000000084300000, 0x00000000d5580000)
  object space 68608K, 45% used [0x0000000080000000,0x0000000081e312d8,0x0000000084300000)
 Metaspace       used 34385K, committed 35200K, reserved 1114112K
  class space    used 3415K, committed 3776K, reserved 1048576K
}

