# JRE version: Java(TM) SE Runtime Environment (22.0.1+8) (build 22.0.1+8-16)
# Java VM: Java HotSpot(TM) 64-Bit Server VM (22.0.1+8-16, mixed mode, sharing, tiered, compressed oops, compressed class ptrs, g1 gc, windows-amd64)
GC Precious Log:
 CardTable entry size: 512
 Card Set container configuration: InlinePtr #cards 5 size 8 Array Of Cards #cards 12 size 40 Howl #buckets 4 coarsen threshold 1843 Howl Bitmap #cards 512 size 80 coarsen threshold 460 Card regions per heap region 1 cards per card region 2048
 CPUs: 4 total, 4 available
 Memory: 3790M
 Large Page Support: Disabled
 NUMA Support: Disabled
 Compressed Oops: Enabled (32-bit)
 Heap Region Size: 1M
 Heap Min Capacity: 8M
 Heap Initial Capacity: 60M
 Heap Max Capacity: 948M
 Pre-touch: Disabled
 Parallel Workers: 4
 Concurrent Workers: 1
 Concurrent Refinement Workers: 4
 Periodic GC: Disabled
Heap:
 garbage-first heap   total reserved 970752K, committed 54272K, used 28870K [0x00000000c4c00000, 0x0000000100000000)
  region size 1024K, 9 young (9216K), 2 survivors (2048K)
 Metaspace       used 44476K, committed 45056K, reserved 1114112K
  class space    used 5917K, committed 6144K, reserved 1048576K
GC Heap History (20 events):
Event: 1.804 GC heap before
{Heap before GC invocations=2 (full 0):
 garbage-first heap   total reserved 970752K, committed 61440K, used 33286K [0x00000000c4c00000, 0x0000000100000000)
  region size 1024K, 27 young (27648K), 1 survivors (1024K)
 Metaspace       used 13261K, committed 13568K, reserved 1114112K
  class space    used 1784K, committed 1920K, reserved 1048576K
}
Event: 1.808 GC heap after
{Heap after GC invocations=3 (full 0):
 garbage-first heap   total reserved 970752K, committed 61440K, used 9742K [0x00000000c4c00000, 0x0000000100000000)
  region size 1024K, 3 young (3072K), 3 survivors (3072K)
 Metaspace       used 13261K, committed 13568K, reserved 1114112K
  class space    used 1784K, committed 1920K, reserved 1048576K
}
Event: 2.343 GC heap before
{Heap before GC invocations=3 (full 0):
 garbage-first heap   total reserved 970752K, committed 61440K, used 39438K [0x00000000c4c00000, 0x0000000100000000)
  region size 1024K, 34 young (34816K), 3 survivors (3072K)
 Metaspace       used 21246K, committed 21504K, reserved 1114112K
  class space    used 2691K, committed 2816K, reserved 1048576K
}
Event: 2.353 GC heap after
{Heap after GC invocations=4 (full 0):
 garbage-first heap   total reserved 970752K, committed 61440K, used 13094K [0x00000000c4c00000, 0x0000000100000000)
  region size 1024K, 5 young (5120K), 5 survivors (5120K)
 Metaspace       used 21246K, committed 21504K, reserved 1114112K
  class space    used 2691K, committed 2816K, reserved 1048576K
}
Event: 3.072 GC heap before
{Heap before GC invocations=5 (full 0):
 garbage-first heap   total reserved 970752K, committed 45056K, used 34598K [0x00000000c4c00000, 0x0000000100000000)
  region size 1024K, 26 young (26624K), 5 survivors (5120K)
 Metaspace       used 23171K, committed 23552K, reserved 1114112K
  class space    used 2948K, committed 3136K, reserved 1048576K
}
Event: 3.078 GC heap after
{Heap after GC invocations=6 (full 0):
 garbage-first heap   total reserved 970752K, committed 45056K, used 15356K [0x00000000c4c00000, 0x0000000100000000)
  region size 1024K, 3 young (3072K), 3 survivors (3072K)
 Metaspace       used 23171K, committed 23552K, reserved 1114112K
  class space    used 2948K, committed 3136K, reserved 1048576K
}
Event: 3.782 GC heap before
{Heap before GC invocations=6 (full 0):
 garbage-first heap   total reserved 970752K, committed 45056K, used 34812K [0x00000000c4c00000, 0x0000000100000000)
  region size 1024K, 22 young (22528K), 3 survivors (3072K)
 Metaspace       used 26087K, committed 26496K, reserved 1114112K
  class space    used 3352K, committed 3520K, reserved 1048576K
}
Event: 3.787 GC heap after
{Heap after GC invocations=7 (full 0):
 garbage-first heap   total reserved 970752K, committed 45056K, used 16514K [0x00000000c4c00000, 0x0000000100000000)
  region size 1024K, 2 young (2048K), 2 survivors (2048K)
 Metaspace       used 26087K, committed 26496K, reserved 1114112K
  class space    used 3352K, committed 3520K, reserved 1048576K
}
Event: 4.322 GC heap before
{Heap before GC invocations=7 (full 0):
 garbage-first heap   total reserved 970752K, committed 45056K, used 35970K [0x00000000c4c00000, 0x0000000100000000)
  region size 1024K, 21 young (21504K), 2 survivors (2048K)
 Metaspace       used 29116K, committed 29632K, reserved 1114112K
  class space    used 3784K, committed 4032K, reserved 1048576K
}
Event: 4.333 GC heap after
{Heap after GC invocations=8 (full 0):
 garbage-first heap   total reserved 970752K, committed 45056K, used 18206K [0x00000000c4c00000, 0x0000000100000000)
  region size 1024K, 3 young (3072K), 3 survivors (3072K)
 Metaspace       used 29116K, committed 29632K, reserved 1114112K
  class space    used 3784K, committed 4032K, reserved 1048576K
}
Event: 4.944 GC heap before
{Heap before GC invocations=8 (full 0):
 garbage-first heap   total reserved 970752K, committed 45056K, used 37662K [0x00000000c4c00000, 0x0000000100000000)
  region size 1024K, 22 young (22528K), 3 survivors (3072K)
 Metaspace       used 31699K, committed 32192K, reserved 1114112K
  class space    used 4116K, committed 4352K, reserved 1048576K
}
Event: 4.949 GC heap after
{Heap after GC invocations=9 (full 0):
 garbage-first heap   total reserved 970752K, committed 45056K, used 19771K [0x00000000c4c00000, 0x0000000100000000)
  region size 1024K, 2 young (2048K), 2 survivors (2048K)
 Metaspace       used 31699K, committed 32192K, reserved 1114112K
  class space    used 4116K, committed 4352K, reserved 1048576K
}
Event: 5.466 GC heap before
{Heap before GC invocations=9 (full 0):
 garbage-first heap   total reserved 970752K, committed 45056K, used 38203K [0x00000000c4c00000, 0x0000000100000000)
  region size 1024K, 20 young (20480K), 2 survivors (2048K)
 Metaspace       used 35329K, committed 35840K, reserved 1114112K
  class space    used 4530K, committed 4736K, reserved 1048576K
}
Event: 5.470 GC heap after
{Heap after GC invocations=10 (full 0):
 garbage-first heap   total reserved 970752K, committed 45056K, used 21358K [0x00000000c4c00000, 0x0000000100000000)
  region size 1024K, 3 young (3072K), 3 survivors (3072K)
 Metaspace       used 35329K, committed 35840K, reserved 1114112K
  class space    used 4530K, committed 4736K, reserved 1048576K
}
Event: 5.491 GC heap before
{Heap before GC invocations=10 (full 0):
 garbage-first heap   total reserved 970752K, committed 45056K, used 21358K [0x00000000c4c00000, 0x0000000100000000)
  region size 1024K, 4 young (4096K), 3 survivors (3072K)
 Metaspace       used 35508K, committed 35968K, reserved 1114112K
  class space    used 4546K, committed 4736K, reserved 1048576K
}
Event: 5.496 GC heap after
{Heap after GC invocations=11 (full 0):
 garbage-first heap   total reserved 970752K, committed 45056K, used 21390K [0x00000000c4c00000, 0x0000000100000000)
  region size 1024K, 2 young (2048K), 2 survivors (2048K)
 Metaspace       used 35508K, committed 35968K, reserved 1114112K
  class space    used 4546K, committed 4736K, reserved 1048576K
}
Event: 6.249 GC heap before
{Heap before GC invocations=12 (full 0):
 garbage-first heap   total reserved 970752K, committed 45056K, used 38798K [0x00000000c4c00000, 0x0000000100000000)
  region size 1024K, 19 young (19456K), 2 survivors (2048K)
 Metaspace       used 38860K, committed 39424K, reserved 1114112K
  class space    used 5027K, committed 5248K, reserved 1048576K
}
Event: 6.256 GC heap after
{Heap after GC invocations=13 (full 0):
 garbage-first heap   total reserved 970752K, committed 45056K, used 22758K [0x00000000c4c00000, 0x0000000100000000)
  region size 1024K, 3 young (3072K), 3 survivors (3072K)
 Metaspace       used 38860K, committed 39424K, reserved 1114112K
  class space    used 5027K, committed 5248K, reserved 1048576K
}
Event: 6.786 GC heap before
{Heap before GC invocations=13 (full 0):
 garbage-first heap   total reserved 970752K, committed 45056K, used 38118K [0x00000000c4c00000, 0x0000000100000000)
  region size 1024K, 18 young (18432K), 3 survivors (3072K)
 Metaspace       used 42893K, committed 43392K, reserved 1114112K
  class space    used 5722K, committed 5952K, reserved 1048576K
}
Event: 6.794 GC heap after
{Heap after GC invocations=14 (full 0):
 garbage-first heap   total reserved 970752K, committed 54272K, used 23750K [0x00000000c4c00000, 0x0000000100000000)
  region size 1024K, 2 young (2048K), 2 survivors (2048K)
 Metaspace       used 42893K, committed 43392K, reserved 1114112K
  class space    used 5722K, committed 5952K, reserved 1048576K
}

