# JRE version: OpenJDK Runtime Environment Temurin-21.0.7+6 (21.0.7+6) (build 21.0.7+6-LTS)
# Java VM: OpenJDK 64-Bit Server VM Temurin-21.0.7+6 (21.0.7+6-LTS, mixed mode, sharing, tiered, compressed oops, compressed class ptrs, parallel gc, windows-amd64)
GC Precious Log:
 CardTable entry size: 512
 CPUs: 4 total, 4 available
 Memory: 3790M
 Large Page Support: Disabled
 NUMA Support: Disabled
 Compressed Oops: Enabled (32-bit)
 Alignments: Space 512K, Generation 512K, Heap 2M
 Heap Min Capacity: 100M
 Heap Initial Capacity: 100M
 Heap Max Capacity: 2G
 Pre-touch: Disabled
 Parallel Workers: 4
Heap:
 PSYoungGen      total 23040K, used 3213K [0x00000000d5580000, 0x00000000d7300000, 0x0000000100000000)
  eden space 22528K, 13% used [0x00000000d5580000,0x00000000d5884d50,0x00000000d6b80000)
  from space 512K, 23% used [0x00000000d7200000,0x00000000d721e938,0x00000000d7280000)
  to   space 512K, 0% used [0x00000000d7280000,0x00000000d7280000,0x00000000d7300000)
 ParOldGen       total 355328K, used 331744K [0x0000000080000000, 0x0000000095b00000, 0x00000000d5580000)
  object space 355328K, 93% used [0x0000000080000000,0x00000000943f8230,0x0000000095b00000)
 Metaspace       used 42113K, committed 43136K, reserved 1114112K
  class space    used 4062K, committed 4480K, reserved 1048576K
GC Heap History (20 events):
Event: 412.921 GC heap before
{Heap before GC invocations=494 (full 3):
 PSYoungGen      total 23040K, used 22650K [0x00000000d5580000, 0x00000000d7300000, 0x0000000100000000)
  eden space 22528K, 100% used [0x00000000d5580000,0x00000000d6b80000,0x00000000d6b80000)
  from space 512K, 23% used [0x00000000d7200000,0x00000000d721e938,0x00000000d7280000)
  to   space 512K, 0% used [0x00000000d7280000,0x00000000d7280000,0x00000000d7300000)
 ParOldGen       total 355328K, used 330920K [0x0000000080000000, 0x0000000095b00000, 0x00000000d5580000)
  object space 355328K, 93% used [0x0000000080000000,0x000000009432a230,0x0000000095b00000)
 Metaspace       used 42113K, committed 43136K, reserved 1114112K
  class space    used 4062K, committed 4480K, reserved 1048576K
}
Event: 412.923 GC heap after
{Heap after GC invocations=494 (full 3):
 PSYoungGen      total 23040K, used 160K [0x00000000d5580000, 0x00000000d7300000, 0x0000000100000000)
  eden space 22528K, 0% used [0x00000000d5580000,0x00000000d5580000,0x00000000d6b80000)
  from space 512K, 31% used [0x00000000d7280000,0x00000000d72a8000,0x00000000d7300000)
  to   space 512K, 0% used [0x00000000d7200000,0x00000000d7200000,0x00000000d7280000)
 ParOldGen       total 355328K, used 330928K [0x0000000080000000, 0x0000000095b00000, 0x00000000d5580000)
  object space 355328K, 93% used [0x0000000080000000,0x000000009432c230,0x0000000095b00000)
 Metaspace       used 42113K, committed 43136K, reserved 1114112K
  class space    used 4062K, committed 4480K, reserved 1048576K
}
Event: 412.966 GC heap before
{Heap before GC invocations=495 (full 3):
 PSYoungGen      total 23040K, used 22680K [0x00000000d5580000, 0x00000000d7300000, 0x0000000100000000)
  eden space 22528K, 99% used [0x00000000d5580000,0x00000000d6b7e220,0x00000000d6b80000)
  from space 512K, 31% used [0x00000000d7280000,0x00000000d72a8000,0x00000000d7300000)
  to   space 512K, 0% used [0x00000000d7200000,0x00000000d7200000,0x00000000d7280000)
 ParOldGen       total 355328K, used 330928K [0x0000000080000000, 0x0000000095b00000, 0x00000000d5580000)
  object space 355328K, 93% used [0x0000000080000000,0x000000009432c230,0x0000000095b00000)
 Metaspace       used 42113K, committed 43136K, reserved 1114112K
  class space    used 4062K, committed 4480K, reserved 1048576K
}
Event: 412.966 GC heap after
{Heap after GC invocations=495 (full 3):
 PSYoungGen      total 23040K, used 234K [0x00000000d5580000, 0x00000000d7300000, 0x0000000100000000)
  eden space 22528K, 0% used [0x00000000d5580000,0x00000000d5580000,0x00000000d6b80000)
  from space 512K, 45% used [0x00000000d7200000,0x00000000d723a948,0x00000000d7280000)
  to   space 512K, 0% used [0x00000000d7280000,0x00000000d7280000,0x00000000d7300000)
 ParOldGen       total 355328K, used 330952K [0x0000000080000000, 0x0000000095b00000, 0x00000000d5580000)
  object space 355328K, 93% used [0x0000000080000000,0x0000000094332230,0x0000000095b00000)
 Metaspace       used 42113K, committed 43136K, reserved 1114112K
  class space    used 4062K, committed 4480K, reserved 1048576K
}
Event: 413.007 GC heap before
{Heap before GC invocations=496 (full 3):
 PSYoungGen      total 23040K, used 22762K [0x00000000d5580000, 0x00000000d7300000, 0x0000000100000000)
  eden space 22528K, 100% used [0x00000000d5580000,0x00000000d6b80000,0x00000000d6b80000)
  from space 512K, 45% used [0x00000000d7200000,0x00000000d723a948,0x00000000d7280000)
  to   space 512K, 0% used [0x00000000d7280000,0x00000000d7280000,0x00000000d7300000)
 ParOldGen       total 355328K, used 330952K [0x0000000080000000, 0x0000000095b00000, 0x00000000d5580000)
  object space 355328K, 93% used [0x0000000080000000,0x0000000094332230,0x0000000095b00000)
 Metaspace       used 42113K, committed 43136K, reserved 1114112K
  class space    used 4062K, committed 4480K, reserved 1048576K
}
Event: 413.009 GC heap after
{Heap after GC invocations=496 (full 3):
 PSYoungGen      total 23040K, used 122K [0x00000000d5580000, 0x00000000d7300000, 0x0000000100000000)
  eden space 22528K, 0% used [0x00000000d5580000,0x00000000d5580000,0x00000000d6b80000)
  from space 512K, 23% used [0x00000000d7280000,0x00000000d729e938,0x00000000d7300000)
  to   space 512K, 0% used [0x00000000d7200000,0x00000000d7200000,0x00000000d7280000)
 ParOldGen       total 355328K, used 331000K [0x0000000080000000, 0x0000000095b00000, 0x00000000d5580000)
  object space 355328K, 93% used [0x0000000080000000,0x000000009433e230,0x0000000095b00000)
 Metaspace       used 42113K, committed 43136K, reserved 1114112K
  class space    used 4062K, committed 4480K, reserved 1048576K
}
Event: 413.048 GC heap before
{Heap before GC invocations=497 (full 3):
 PSYoungGen      total 23040K, used 22650K [0x00000000d5580000, 0x00000000d7300000, 0x0000000100000000)
  eden space 22528K, 100% used [0x00000000d5580000,0x00000000d6b80000,0x00000000d6b80000)
  from space 512K, 23% used [0x00000000d7280000,0x00000000d729e938,0x00000000d7300000)
  to   space 512K, 0% used [0x00000000d7200000,0x00000000d7200000,0x00000000d7280000)
 ParOldGen       total 355328K, used 331000K [0x0000000080000000, 0x0000000095b00000, 0x00000000d5580000)
  object space 355328K, 93% used [0x0000000080000000,0x000000009433e230,0x0000000095b00000)
 Metaspace       used 42113K, committed 43136K, reserved 1114112K
  class space    used 4062K, committed 4480K, reserved 1048576K
}
Event: 413.050 GC heap after
{Heap after GC invocations=497 (full 3):
 PSYoungGen      total 23040K, used 442K [0x00000000d5580000, 0x00000000d7300000, 0x0000000100000000)
  eden space 22528K, 0% used [0x00000000d5580000,0x00000000d5580000,0x00000000d6b80000)
  from space 512K, 86% used [0x00000000d7200000,0x00000000d726e938,0x00000000d7280000)
  to   space 512K, 0% used [0x00000000d7280000,0x00000000d7280000,0x00000000d7300000)
 ParOldGen       total 355328K, used 331048K [0x0000000080000000, 0x0000000095b00000, 0x00000000d5580000)
  object space 355328K, 93% used [0x0000000080000000,0x000000009434a230,0x0000000095b00000)
 Metaspace       used 42113K, committed 43136K, reserved 1114112K
  class space    used 4062K, committed 4480K, reserved 1048576K
}
Event: 413.085 GC heap before
{Heap before GC invocations=498 (full 3):
 PSYoungGen      total 23040K, used 22970K [0x00000000d5580000, 0x00000000d7300000, 0x0000000100000000)
  eden space 22528K, 100% used [0x00000000d5580000,0x00000000d6b80000,0x00000000d6b80000)
  from space 512K, 86% used [0x00000000d7200000,0x00000000d726e938,0x00000000d7280000)
  to   space 512K, 0% used [0x00000000d7280000,0x00000000d7280000,0x00000000d7300000)
 ParOldGen       total 355328K, used 331048K [0x0000000080000000, 0x0000000095b00000, 0x00000000d5580000)
  object space 355328K, 93% used [0x0000000080000000,0x000000009434a230,0x0000000095b00000)
 Metaspace       used 42113K, committed 43136K, reserved 1114112K
  class space    used 4062K, committed 4480K, reserved 1048576K
}
Event: 413.086 GC heap after
{Heap after GC invocations=498 (full 3):
 PSYoungGen      total 23040K, used 282K [0x00000000d5580000, 0x00000000d7300000, 0x0000000100000000)
  eden space 22528K, 0% used [0x00000000d5580000,0x00000000d5580000,0x00000000d6b80000)
  from space 512K, 55% used [0x00000000d7280000,0x00000000d72c6938,0x00000000d7300000)
  to   space 512K, 0% used [0x00000000d7200000,0x00000000d7200000,0x00000000d7280000)
 ParOldGen       total 355328K, used 331336K [0x0000000080000000, 0x0000000095b00000, 0x00000000d5580000)
  object space 355328K, 93% used [0x0000000080000000,0x0000000094392230,0x0000000095b00000)
 Metaspace       used 42113K, committed 43136K, reserved 1114112K
  class space    used 4062K, committed 4480K, reserved 1048576K
}
Event: 413.151 GC heap before
{Heap before GC invocations=499 (full 3):
 PSYoungGen      total 23040K, used 22810K [0x00000000d5580000, 0x00000000d7300000, 0x0000000100000000)
  eden space 22528K, 100% used [0x00000000d5580000,0x00000000d6b80000,0x00000000d6b80000)
  from space 512K, 55% used [0x00000000d7280000,0x00000000d72c6938,0x00000000d7300000)
  to   space 512K, 0% used [0x00000000d7200000,0x00000000d7200000,0x00000000d7280000)
 ParOldGen       total 355328K, used 331336K [0x0000000080000000, 0x0000000095b00000, 0x00000000d5580000)
  object space 355328K, 93% used [0x0000000080000000,0x0000000094392230,0x0000000095b00000)
 Metaspace       used 42113K, committed 43136K, reserved 1114112K
  class space    used 4062K, committed 4480K, reserved 1048576K
}
Event: 413.153 GC heap after
{Heap after GC invocations=499 (full 3):
 PSYoungGen      total 23040K, used 282K [0x00000000d5580000, 0x00000000d7300000, 0x0000000100000000)
  eden space 22528K, 0% used [0x00000000d5580000,0x00000000d5580000,0x00000000d6b80000)
  from space 512K, 55% used [0x00000000d7200000,0x00000000d7246938,0x00000000d7280000)
  to   space 512K, 0% used [0x00000000d7280000,0x00000000d7280000,0x00000000d7300000)
 ParOldGen       total 355328K, used 331480K [0x0000000080000000, 0x0000000095b00000, 0x00000000d5580000)
  object space 355328K, 93% used [0x0000000080000000,0x00000000943b6230,0x0000000095b00000)
 Metaspace       used 42113K, committed 43136K, reserved 1114112K
  class space    used 4062K, committed 4480K, reserved 1048576K
}
Event: 413.186 GC heap before
{Heap before GC invocations=500 (full 3):
 PSYoungGen      total 23040K, used 22810K [0x00000000d5580000, 0x00000000d7300000, 0x0000000100000000)
  eden space 22528K, 100% used [0x00000000d5580000,0x00000000d6b80000,0x00000000d6b80000)
  from space 512K, 55% used [0x00000000d7200000,0x00000000d7246938,0x00000000d7280000)
  to   space 512K, 0% used [0x00000000d7280000,0x00000000d7280000,0x00000000d7300000)
 ParOldGen       total 355328K, used 331480K [0x0000000080000000, 0x0000000095b00000, 0x00000000d5580000)
  object space 355328K, 93% used [0x0000000080000000,0x00000000943b6230,0x0000000095b00000)
 Metaspace       used 42113K, committed 43136K, reserved 1114112K
  class space    used 4062K, committed 4480K, reserved 1048576K
}
Event: 413.187 GC heap after
{Heap after GC invocations=500 (full 3):
 PSYoungGen      total 23040K, used 218K [0x00000000d5580000, 0x00000000d7300000, 0x0000000100000000)
  eden space 22528K, 0% used [0x00000000d5580000,0x00000000d5580000,0x00000000d6b80000)
  from space 512K, 42% used [0x00000000d7280000,0x00000000d72b6938,0x00000000d7300000)
  to   space 512K, 0% used [0x00000000d7200000,0x00000000d7200000,0x00000000d7280000)
 ParOldGen       total 355328K, used 331624K [0x0000000080000000, 0x0000000095b00000, 0x00000000d5580000)
  object space 355328K, 93% used [0x0000000080000000,0x00000000943da230,0x0000000095b00000)
 Metaspace       used 42113K, committed 43136K, reserved 1114112K
  class space    used 4062K, committed 4480K, reserved 1048576K
}
Event: 413.227 GC heap before
{Heap before GC invocations=501 (full 3):
 PSYoungGen      total 23040K, used 22746K [0x00000000d5580000, 0x00000000d7300000, 0x0000000100000000)
  eden space 22528K, 100% used [0x00000000d5580000,0x00000000d6b80000,0x00000000d6b80000)
  from space 512K, 42% used [0x00000000d7280000,0x00000000d72b6938,0x00000000d7300000)
  to   space 512K, 0% used [0x00000000d7200000,0x00000000d7200000,0x00000000d7280000)
 ParOldGen       total 355328K, used 331624K [0x0000000080000000, 0x0000000095b00000, 0x00000000d5580000)
  object space 355328K, 93% used [0x0000000080000000,0x00000000943da230,0x0000000095b00000)
 Metaspace       used 42113K, committed 43136K, reserved 1114112K
  class space    used 4062K, committed 4480K, reserved 1048576K
}
Event: 413.230 GC heap after
{Heap after GC invocations=501 (full 3):
 PSYoungGen      total 23040K, used 154K [0x00000000d5580000, 0x00000000d7300000, 0x0000000100000000)
  eden space 22528K, 0% used [0x00000000d5580000,0x00000000d5580000,0x00000000d6b80000)
  from space 512K, 30% used [0x00000000d7200000,0x00000000d7226938,0x00000000d7280000)
  to   space 512K, 0% used [0x00000000d7280000,0x00000000d7280000,0x00000000d7300000)
 ParOldGen       total 355328K, used 331696K [0x0000000080000000, 0x0000000095b00000, 0x00000000d5580000)
  object space 355328K, 93% used [0x0000000080000000,0x00000000943ec230,0x0000000095b00000)
 Metaspace       used 42113K, committed 43136K, reserved 1114112K
  class space    used 4062K, committed 4480K, reserved 1048576K
}
Event: 413.268 GC heap before
{Heap before GC invocations=502 (full 3):
 PSYoungGen      total 23040K, used 22682K [0x00000000d5580000, 0x00000000d7300000, 0x0000000100000000)
  eden space 22528K, 100% used [0x00000000d5580000,0x00000000d6b80000,0x00000000d6b80000)
  from space 512K, 30% used [0x00000000d7200000,0x00000000d7226938,0x00000000d7280000)
  to   space 512K, 0% used [0x00000000d7280000,0x00000000d7280000,0x00000000d7300000)
 ParOldGen       total 355328K, used 331696K [0x0000000080000000, 0x0000000095b00000, 0x00000000d5580000)
  object space 355328K, 93% used [0x0000000080000000,0x00000000943ec230,0x0000000095b00000)
 Metaspace       used 42113K, committed 43136K, reserved 1114112K
  class space    used 4062K, committed 4480K, reserved 1048576K
}
Event: 413.269 GC heap after
{Heap after GC invocations=502 (full 3):
 PSYoungGen      total 23040K, used 160K [0x00000000d5580000, 0x00000000d7300000, 0x0000000100000000)
  eden space 22528K, 0% used [0x00000000d5580000,0x00000000d5580000,0x00000000d6b80000)
  from space 512K, 31% used [0x00000000d7280000,0x00000000d72a8000,0x00000000d7300000)
  to   space 512K, 0% used [0x00000000d7200000,0x00000000d7200000,0x00000000d7280000)
 ParOldGen       total 355328K, used 331736K [0x0000000080000000, 0x0000000095b00000, 0x00000000d5580000)
  object space 355328K, 93% used [0x0000000080000000,0x00000000943f6230,0x0000000095b00000)
 Metaspace       used 42113K, committed 43136K, reserved 1114112K
  class space    used 4062K, committed 4480K, reserved 1048576K
}
Event: 413.323 GC heap before
{Heap before GC invocations=503 (full 3):
 PSYoungGen      total 23040K, used 22688K [0x00000000d5580000, 0x00000000d7300000, 0x0000000100000000)
  eden space 22528K, 100% used [0x00000000d5580000,0x00000000d6b80000,0x00000000d6b80000)
  from space 512K, 31% used [0x00000000d7280000,0x00000000d72a8000,0x00000000d7300000)
  to   space 512K, 0% used [0x00000000d7200000,0x00000000d7200000,0x00000000d7280000)
 ParOldGen       total 355328K, used 331736K [0x0000000080000000, 0x0000000095b00000, 0x00000000d5580000)
  object space 355328K, 93% used [0x0000000080000000,0x00000000943f6230,0x0000000095b00000)
 Metaspace       used 42113K, committed 43136K, reserved 1114112K
  class space    used 4062K, committed 4480K, reserved 1048576K
}
Event: 413.324 GC heap after
{Heap after GC invocations=503 (full 3):
 PSYoungGen      total 23040K, used 96K [0x00000000d5580000, 0x00000000d7300000, 0x0000000100000000)
  eden space 22528K, 0% used [0x00000000d5580000,0x00000000d5580000,0x00000000d6b80000)
  from space 512K, 18% used [0x00000000d7200000,0x00000000d7218000,0x00000000d7280000)
  to   space 512K, 0% used [0x00000000d7280000,0x00000000d7280000,0x00000000d7300000)
 ParOldGen       total 355328K, used 331736K [0x0000000080000000, 0x0000000095b00000, 0x00000000d5580000)
  object space 355328K, 93% used [0x0000000080000000,0x00000000943f6230,0x0000000095b00000)
 Metaspace       used 42113K, committed 43136K, reserved 1114112K
  class space    used 4062K, committed 4480K, reserved 1048576K
}

