# JRE version: OpenJDK Runtime Environment Temurin-21.0.7+6 (21.0.7+6) (build 21.0.7+6-LTS)
# Java VM: OpenJDK 64-Bit Server VM Temurin-21.0.7+6 (21.0.7+6-LTS, mixed mode, sharing, tiered, compressed oops, compressed class ptrs, parallel gc, windows-amd64)
GC Precious Log:
 CardTable entry size: 512
 CPUs: 4 total, 4 available
 Memory: 3790M
 Large Page Support: Disabled
 NUMA Support: Disabled
 Compressed Oops: Enabled (32-bit)
 Alignments: Space 512K, Generation 512K, Heap 2M
 Heap Min Capacity: 100M
 Heap Initial Capacity: 100M
 Heap Max Capacity: 2G
 Pre-touch: Disabled
 Parallel Workers: 4
Heap:
 PSYoungGen      total 11776K, used 11756K [0x00000000d5580000, 0x00000000d6480000, 0x0000000100000000)
  eden space 9728K, 100% used [0x00000000d5580000,0x00000000d5f00000,0x00000000d5f00000)
  from space 2048K, 99% used [0x00000000d6180000,0x00000000d637b228,0x00000000d6380000)
  to   space 2560K, 61% used [0x00000000d5f00000,0x00000000d6088000,0x00000000d6180000)
 ParOldGen       total 91136K, used 90760K [0x0000000080000000, 0x0000000085900000, 0x00000000d5580000)
  object space 91136K, 99% used [0x0000000080000000,0x00000000858a21b0,0x0000000085900000)
 Metaspace       used 54874K, committed 56256K, reserved 1114112K
  class space    used 5685K, committed 6272K, reserved 1048576K
GC Heap History (20 events):
Event: 37.537 GC heap before
{Heap before GC invocations=41 (full 2):
 PSYoungGen      total 15872K, used 15620K [0x00000000d5580000, 0x00000000d6b00000, 0x0000000100000000)
  eden space 12288K, 100% used [0x00000000d5580000,0x00000000d6180000,0x00000000d6180000)
  from space 3584K, 92% used [0x00000000d6780000,0x00000000d6ac13e8,0x00000000d6b00000)
  to   space 4096K, 0% used [0x00000000d6300000,0x00000000d6300000,0x00000000d6700000)
 ParOldGen       total 72704K, used 72512K [0x0000000080000000, 0x0000000084700000, 0x00000000d5580000)
  object space 72704K, 99% used [0x0000000080000000,0x00000000846d03e0,0x0000000084700000)
 Metaspace       used 52285K, committed 53696K, reserved 1114112K
  class space    used 5483K, committed 6144K, reserved 1048576K
}
Event: 37.547 GC heap after
{Heap after GC invocations=41 (full 2):
 PSYoungGen      total 15360K, used 2794K [0x00000000d5580000, 0x00000000d6880000, 0x0000000100000000)
  eden space 12288K, 0% used [0x00000000d5580000,0x00000000d5580000,0x00000000d6180000)
  from space 3072K, 90% used [0x00000000d6300000,0x00000000d65bab30,0x00000000d6600000)
  to   space 2560K, 0% used [0x00000000d6600000,0x00000000d6600000,0x00000000d6880000)
 ParOldGen       total 75776K, used 75763K [0x0000000080000000, 0x0000000084a00000, 0x00000000d5580000)
  object space 75776K, 99% used [0x0000000080000000,0x00000000849fcfb0,0x0000000084a00000)
 Metaspace       used 52285K, committed 53696K, reserved 1114112K
  class space    used 5483K, committed 6144K, reserved 1048576K
}
Event: 38.293 GC heap before
{Heap before GC invocations=42 (full 2):
 PSYoungGen      total 15360K, used 15082K [0x00000000d5580000, 0x00000000d6880000, 0x0000000100000000)
  eden space 12288K, 100% used [0x00000000d5580000,0x00000000d6180000,0x00000000d6180000)
  from space 3072K, 90% used [0x00000000d6300000,0x00000000d65bab30,0x00000000d6600000)
  to   space 2560K, 0% used [0x00000000d6600000,0x00000000d6600000,0x00000000d6880000)
 ParOldGen       total 75776K, used 75763K [0x0000000080000000, 0x0000000084a00000, 0x00000000d5580000)
  object space 75776K, 99% used [0x0000000080000000,0x00000000849fcfb0,0x0000000084a00000)
 Metaspace       used 53005K, committed 54400K, reserved 1114112K
  class space    used 5527K, committed 6144K, reserved 1048576K
}
Event: 38.423 GC heap after
{Heap after GC invocations=42 (full 2):
 PSYoungGen      total 12800K, used 2552K [0x00000000d5580000, 0x00000000d6e80000, 0x0000000100000000)
  eden space 10240K, 0% used [0x00000000d5580000,0x00000000d5580000,0x00000000d5f80000)
  from space 2560K, 99% used [0x00000000d6600000,0x00000000d687e088,0x00000000d6880000)
  to   space 6656K, 0% used [0x00000000d5f80000,0x00000000d5f80000,0x00000000d6600000)
 ParOldGen       total 79360K, used 78868K [0x0000000080000000, 0x0000000084d80000, 0x00000000d5580000)
  object space 79360K, 99% used [0x0000000080000000,0x0000000084d05040,0x0000000084d80000)
 Metaspace       used 53005K, committed 54400K, reserved 1114112K
  class space    used 5527K, committed 6144K, reserved 1048576K
}
Event: 38.697 GC heap before
{Heap before GC invocations=43 (full 2):
 PSYoungGen      total 12800K, used 12748K [0x00000000d5580000, 0x00000000d6e80000, 0x0000000100000000)
  eden space 10240K, 99% used [0x00000000d5580000,0x00000000d5f75140,0x00000000d5f80000)
  from space 2560K, 99% used [0x00000000d6600000,0x00000000d687e088,0x00000000d6880000)
  to   space 6656K, 0% used [0x00000000d5f80000,0x00000000d5f80000,0x00000000d6600000)
 ParOldGen       total 79360K, used 78868K [0x0000000080000000, 0x0000000084d80000, 0x00000000d5580000)
  object space 79360K, 99% used [0x0000000080000000,0x0000000084d05040,0x0000000084d80000)
 Metaspace       used 53268K, committed 54592K, reserved 1114112K
  class space    used 5545K, committed 6144K, reserved 1048576K
}
Event: 38.711 GC heap after
{Heap after GC invocations=43 (full 2):
 PSYoungGen      total 13824K, used 3104K [0x00000000d5580000, 0x00000000d6780000, 0x0000000100000000)
  eden space 10240K, 0% used [0x00000000d5580000,0x00000000d5580000,0x00000000d5f80000)
  from space 3584K, 86% used [0x00000000d5f80000,0x00000000d6288208,0x00000000d6300000)
  to   space 4096K, 0% used [0x00000000d6380000,0x00000000d6380000,0x00000000d6780000)
 ParOldGen       total 81408K, used 81344K [0x0000000080000000, 0x0000000084f80000, 0x00000000d5580000)
  object space 81408K, 99% used [0x0000000080000000,0x0000000084f701b0,0x0000000084f80000)
 Metaspace       used 53268K, committed 54592K, reserved 1114112K
  class space    used 5545K, committed 6144K, reserved 1048576K
}
Event: 38.789 GC heap before
{Heap before GC invocations=44 (full 2):
 PSYoungGen      total 13824K, used 13344K [0x00000000d5580000, 0x00000000d6780000, 0x0000000100000000)
  eden space 10240K, 100% used [0x00000000d5580000,0x00000000d5f80000,0x00000000d5f80000)
  from space 3584K, 86% used [0x00000000d5f80000,0x00000000d6288208,0x00000000d6300000)
  to   space 4096K, 0% used [0x00000000d6380000,0x00000000d6380000,0x00000000d6780000)
 ParOldGen       total 81408K, used 81344K [0x0000000080000000, 0x0000000084f80000, 0x00000000d5580000)
  object space 81408K, 99% used [0x0000000080000000,0x0000000084f701b0,0x0000000084f80000)
 Metaspace       used 53285K, committed 54592K, reserved 1114112K
  class space    used 5545K, committed 6144K, reserved 1048576K
}
Event: 38.798 GC heap after
{Heap after GC invocations=44 (full 2):
 PSYoungGen      total 12288K, used 1658K [0x00000000d5580000, 0x00000000d6580000, 0x0000000100000000)
  eden space 10240K, 0% used [0x00000000d5580000,0x00000000d5580000,0x00000000d5f80000)
  from space 2048K, 80% used [0x00000000d6380000,0x00000000d651e8c0,0x00000000d6580000)
  to   space 2560K, 0% used [0x00000000d6080000,0x00000000d6080000,0x00000000d6300000)
 ParOldGen       total 83968K, used 83588K [0x0000000080000000, 0x0000000085200000, 0x00000000d5580000)
  object space 83968K, 99% used [0x0000000080000000,0x00000000851a1178,0x0000000085200000)
 Metaspace       used 53285K, committed 54592K, reserved 1114112K
  class space    used 5545K, committed 6144K, reserved 1048576K
}
Event: 38.861 GC heap before
{Heap before GC invocations=45 (full 2):
 PSYoungGen      total 12288K, used 11838K [0x00000000d5580000, 0x00000000d6580000, 0x0000000100000000)
  eden space 10240K, 99% used [0x00000000d5580000,0x00000000d5f71090,0x00000000d5f80000)
  from space 2048K, 80% used [0x00000000d6380000,0x00000000d651e8c0,0x00000000d6580000)
  to   space 2560K, 0% used [0x00000000d6080000,0x00000000d6080000,0x00000000d6300000)
 ParOldGen       total 83968K, used 83588K [0x0000000080000000, 0x0000000085200000, 0x00000000d5580000)
  object space 83968K, 99% used [0x0000000080000000,0x00000000851a1178,0x0000000085200000)
 Metaspace       used 53297K, committed 54592K, reserved 1114112K
  class space    used 5545K, committed 6144K, reserved 1048576K
}
Event: 38.864 GC heap after
{Heap after GC invocations=45 (full 2):
 PSYoungGen      total 12288K, used 1740K [0x00000000d5580000, 0x00000000d6400000, 0x0000000100000000)
  eden space 10240K, 0% used [0x00000000d5580000,0x00000000d5580000,0x00000000d5f80000)
  from space 2048K, 84% used [0x00000000d6080000,0x00000000d62332c8,0x00000000d6280000)
  to   space 1536K, 0% used [0x00000000d6280000,0x00000000d6280000,0x00000000d6400000)
 ParOldGen       total 84480K, used 84240K [0x0000000080000000, 0x0000000085280000, 0x00000000d5580000)
  object space 84480K, 99% used [0x0000000080000000,0x0000000085244348,0x0000000085280000)
 Metaspace       used 53297K, committed 54592K, reserved 1114112K
  class space    used 5545K, committed 6144K, reserved 1048576K
}
Event: 38.985 GC heap before
{Heap before GC invocations=46 (full 2):
 PSYoungGen      total 12288K, used 11980K [0x00000000d5580000, 0x00000000d6400000, 0x0000000100000000)
  eden space 10240K, 100% used [0x00000000d5580000,0x00000000d5f80000,0x00000000d5f80000)
  from space 2048K, 84% used [0x00000000d6080000,0x00000000d62332c8,0x00000000d6280000)
  to   space 1536K, 0% used [0x00000000d6280000,0x00000000d6280000,0x00000000d6400000)
 ParOldGen       total 84480K, used 84240K [0x0000000080000000, 0x0000000085280000, 0x00000000d5580000)
  object space 84480K, 99% used [0x0000000080000000,0x0000000085244348,0x0000000085280000)
 Metaspace       used 53307K, committed 54656K, reserved 1114112K
  class space    used 5545K, committed 6144K, reserved 1048576K
}
Event: 38.989 GC heap after
{Heap after GC invocations=46 (full 2):
 PSYoungGen      total 11264K, used 745K [0x00000000d5580000, 0x00000000d6380000, 0x0000000100000000)
  eden space 10240K, 0% used [0x00000000d5580000,0x00000000d5580000,0x00000000d5f80000)
  from space 1024K, 72% used [0x00000000d6280000,0x00000000d633a548,0x00000000d6380000)
  to   space 1536K, 0% used [0x00000000d6080000,0x00000000d6080000,0x00000000d6200000)
 ParOldGen       total 86016K, used 85727K [0x0000000080000000, 0x0000000085400000, 0x00000000d5580000)
  object space 86016K, 99% used [0x0000000080000000,0x00000000853b7de8,0x0000000085400000)
 Metaspace       used 53307K, committed 54656K, reserved 1114112K
  class space    used 5545K, committed 6144K, reserved 1048576K
}
Event: 39.019 GC heap before
{Heap before GC invocations=47 (full 2):
 PSYoungGen      total 11264K, used 10985K [0x00000000d5580000, 0x00000000d6380000, 0x0000000100000000)
  eden space 10240K, 100% used [0x00000000d5580000,0x00000000d5f80000,0x00000000d5f80000)
  from space 1024K, 72% used [0x00000000d6280000,0x00000000d633a548,0x00000000d6380000)
  to   space 1536K, 0% used [0x00000000d6080000,0x00000000d6080000,0x00000000d6200000)
 ParOldGen       total 86016K, used 85727K [0x0000000080000000, 0x0000000085400000, 0x00000000d5580000)
  object space 86016K, 99% used [0x0000000080000000,0x00000000853b7de8,0x0000000085400000)
 Metaspace       used 53308K, committed 54656K, reserved 1114112K
  class space    used 5545K, committed 6144K, reserved 1048576K
}
Event: 39.021 GC heap after
{Heap after GC invocations=47 (full 2):
 PSYoungGen      total 11776K, used 1403K [0x00000000d5580000, 0x00000000d6300000, 0x0000000100000000)
  eden space 10240K, 0% used [0x00000000d5580000,0x00000000d5580000,0x00000000d5f80000)
  from space 1536K, 91% used [0x00000000d6080000,0x00000000d61dee00,0x00000000d6200000)
  to   space 1024K, 0% used [0x00000000d6200000,0x00000000d6200000,0x00000000d6300000)
 ParOldGen       total 86016K, used 85743K [0x0000000080000000, 0x0000000085400000, 0x00000000d5580000)
  object space 86016K, 99% used [0x0000000080000000,0x00000000853bbde8,0x0000000085400000)
 Metaspace       used 53308K, committed 54656K, reserved 1114112K
  class space    used 5545K, committed 6144K, reserved 1048576K
}
Event: 39.102 GC heap before
{Heap before GC invocations=48 (full 2):
 PSYoungGen      total 11776K, used 11643K [0x00000000d5580000, 0x00000000d6300000, 0x0000000100000000)
  eden space 10240K, 99% used [0x00000000d5580000,0x00000000d5f7fff8,0x00000000d5f80000)
  from space 1536K, 91% used [0x00000000d6080000,0x00000000d61dee00,0x00000000d6200000)
  to   space 1024K, 0% used [0x00000000d6200000,0x00000000d6200000,0x00000000d6300000)
 ParOldGen       total 86016K, used 85743K [0x0000000080000000, 0x0000000085400000, 0x00000000d5580000)
  object space 86016K, 99% used [0x0000000080000000,0x00000000853bbde8,0x0000000085400000)
 Metaspace       used 53936K, committed 55296K, reserved 1114112K
  class space    used 5599K, committed 6208K, reserved 1048576K
}
Event: 39.106 GC heap after
{Heap after GC invocations=48 (full 2):
 PSYoungGen      total 11264K, used 999K [0x00000000d5580000, 0x00000000d6380000, 0x0000000100000000)
  eden space 10240K, 0% used [0x00000000d5580000,0x00000000d5580000,0x00000000d5f80000)
  from space 1024K, 97% used [0x00000000d6200000,0x00000000d62f9f58,0x00000000d6300000)
  to   space 2048K, 0% used [0x00000000d5f80000,0x00000000d5f80000,0x00000000d6180000)
 ParOldGen       total 87040K, used 86627K [0x0000000080000000, 0x0000000085500000, 0x00000000d5580000)
  object space 87040K, 99% used [0x0000000080000000,0x0000000085498db0,0x0000000085500000)
 Metaspace       used 53936K, committed 55296K, reserved 1114112K
  class space    used 5599K, committed 6208K, reserved 1048576K
}
Event: 39.498 GC heap before
{Heap before GC invocations=49 (full 2):
 PSYoungGen      total 11264K, used 11239K [0x00000000d5580000, 0x00000000d6380000, 0x0000000100000000)
  eden space 10240K, 100% used [0x00000000d5580000,0x00000000d5f80000,0x00000000d5f80000)
  from space 1024K, 97% used [0x00000000d6200000,0x00000000d62f9f58,0x00000000d6300000)
  to   space 2048K, 0% used [0x00000000d5f80000,0x00000000d5f80000,0x00000000d6180000)
 ParOldGen       total 87040K, used 86627K [0x0000000080000000, 0x0000000085500000, 0x00000000d5580000)
  object space 87040K, 99% used [0x0000000080000000,0x0000000085498db0,0x0000000085500000)
 Metaspace       used 54542K, committed 55872K, reserved 1114112K
  class space    used 5650K, committed 6272K, reserved 1048576K
}
Event: 39.504 GC heap after
{Heap after GC invocations=49 (full 2):
 PSYoungGen      total 12288K, used 1688K [0x00000000d5580000, 0x00000000d6380000, 0x0000000100000000)
  eden space 10240K, 0% used [0x00000000d5580000,0x00000000d5580000,0x00000000d5f80000)
  from space 2048K, 82% used [0x00000000d5f80000,0x00000000d61260d8,0x00000000d6180000)
  to   space 2048K, 0% used [0x00000000d6180000,0x00000000d6180000,0x00000000d6380000)
 ParOldGen       total 88064K, used 87607K [0x0000000080000000, 0x0000000085600000, 0x00000000d5580000)
  object space 88064K, 99% used [0x0000000080000000,0x000000008558ddc8,0x0000000085600000)
 Metaspace       used 54542K, committed 55872K, reserved 1114112K
  class space    used 5650K, committed 6272K, reserved 1048576K
}
Event: 39.784 GC heap before
{Heap before GC invocations=50 (full 2):
 PSYoungGen      total 12288K, used 11928K [0x00000000d5580000, 0x00000000d6380000, 0x0000000100000000)
  eden space 10240K, 100% used [0x00000000d5580000,0x00000000d5f80000,0x00000000d5f80000)
  from space 2048K, 82% used [0x00000000d5f80000,0x00000000d61260d8,0x00000000d6180000)
  to   space 2048K, 0% used [0x00000000d6180000,0x00000000d6180000,0x00000000d6380000)
 ParOldGen       total 88064K, used 87607K [0x0000000080000000, 0x0000000085600000, 0x00000000d5580000)
  object space 88064K, 99% used [0x0000000080000000,0x000000008558ddc8,0x0000000085600000)
 Metaspace       used 54714K, committed 56128K, reserved 1114112K
  class space    used 5667K, committed 6272K, reserved 1048576K
}
Event: 39.793 GC heap after
{Heap after GC invocations=50 (full 2):
 PSYoungGen      total 11776K, used 2028K [0x00000000d5580000, 0x00000000d6480000, 0x0000000100000000)
  eden space 9728K, 0% used [0x00000000d5580000,0x00000000d5580000,0x00000000d5f00000)
  from space 2048K, 99% used [0x00000000d6180000,0x00000000d637b228,0x00000000d6380000)
  to   space 2560K, 0% used [0x00000000d5f00000,0x00000000d5f00000,0x00000000d6180000)
 ParOldGen       total 89600K, used 89192K [0x0000000080000000, 0x0000000085780000, 0x00000000d5580000)
  object space 89600K, 99% used [0x0000000080000000,0x000000008571a2b0,0x0000000085780000)
 Metaspace       used 54714K, committed 56128K, reserved 1114112K
  class space    used 5667K, committed 6272K, reserved 1048576K
}

